Arguments: 
  /usr/local/bin/node /usr/local/bin/yarn install

PATH: 
  /Users/imm/.nix-profile/bin:/nix/var/nix/profiles/default/bin:/usr/local/bin:/usr/bin:/bin:/usr/sbin:/sbin:/Library/Apple/usr/bin

Yarn version: 
  1.22.18

Node version: 
  14.19.2

Platform: 
  darwin x64

Trace: 
  Error: https://registry.yarnpkg.com/semantic-ui-react/-/semantic-ui-react-0.88.2.tgz: ESOCKETTIMEDOUT
      at ClientRequest.<anonymous> (/usr/local/lib/node_modules/yarn/lib/cli.js:141510:19)
      at Object.onceWrapper (events.js:519:28)
      at ClientRequest.emit (events.js:400:28)
      at TLSSocket.emitRequestTimeout (_http_client.js:790:9)
      at Object.onceWrapper (events.js:519:28)
      at TLSSocket.emit (events.js:412:35)
      at TLSSocket.Socket._onTimeout (net.js:495:8)
      at listOnTimeout (internal/timers.js:557:17)
      at processTimers (internal/timers.js:500:7)

npm manifest: 
  {
    "name": "webauthn",
    "version": "1.0.0",
    "description": "",
    "main": "index.js",
    "scripts": {
      "dev:client": "webpack-dev-server --mode development --devtool inline-source-map --hot",
      "dev:server": "nodemon server/index.js",
      "build": "webpack --mode production",
      "start": "npm run build && node server/index.js"
    },
    "keywords": [],
    "author": "Toni Jukica",
    "license": "MIT",
    "dependencies": {
      "@lapo/asn1js": "^1.1.0",
      "axios": "^0.21.1",
      "babel-polyfill": "^6.26.0",
      "base64url": "^3.0.1",
      "cbor": "^5.0.2",
      "cookie-parser": "^1.4.5",
      "cookie-session": "^1.4.0",
      "cors": "^2.8.5",
      "dotenv": "^8.2.0",
      "elliptic": "^6.5.2",
      "express": "^4.17.1",
      "jsrsasign": "^8.0.15",
      "mongodb": "^3.5.5",
      "mongoose": "^5.9.7",
      "node-rsa": "^1.0.8",
      "react": "^16.13.1",
      "react-dom": "^16.13.1",
      "semantic-ui-css": "^2.4.1",
      "semantic-ui-react": "^0.88.2"
    },
    "devDependencies": {
      "@babel/core": "^7.9.0",
      "@babel/plugin-proposal-class-properties": "^7.8.3",
      "@babel/preset-env": "^7.9.0",
      "@babel/preset-react": "^7.9.4",
      "babel-eslint": "^10.1.0",
      "babel-loader": "^8.1.0",
      "clean-webpack-plugin": "^3.0.0",
      "css-loader": "^3.5.0",
      "eslint": "^6.8.0",
      "eslint-plugin-import": "^2.20.2",
      "eslint-plugin-jsx-a11y": "^6.2.3",
      "eslint-plugin-react": "^7.19.0",
      "file-loader": "^6.0.0",
      "html-webpack-plugin": "^4.0.4",
      "nodemon": "^2.0.2",
      "style-loader": "^1.1.3",
      "url-loader": "^4.0.0",
      "webpack": "^4.42.1",
      "webpack-cli": "^3.3.11",
      "webpack-dev-server": "^3.11.0"
    },
    "nodemonConfig": {
      "ignore": [
        "client/*",
        "node_modules/*"
      ],
      "watch": [
        "server/*"
      ]
    }
  }

yarn manifest: 
  No manifest

Lockfile: 
  No lockfile
